2012-12-04 22:35:12 Error: [MissingTableException] Table users for model User was not found in datasource default.
#0 /var/www/rs/lib/Cake/Model/Model.php(3179): Model->setSource('users')
#1 /var/www/rs/lib/Cake/Model/Model.php(1301): Model->getDataSource()
#2 /var/www/rs/lib/Cake/View/Helper/FormHelper.php(197): Model->schema()
#3 /var/www/rs/lib/Cake/View/Helper/FormHelper.php(438): FormHelper->_introspectModel('User', 'fields')
#4 /var/www/rs/app/View/Users/login.ctp(3): FormHelper->create('User')
#5 /var/www/rs/lib/Cake/View/View.php(921): include('/var/www/rs/app...')
#6 /var/www/rs/lib/Cake/View/View.php(884): View->_evaluate('/var/www/rs/app...', Array)
#7 /var/www/rs/lib/Cake/View/View.php(476): View->_render('/var/www/rs/app...')
#8 /var/www/rs/lib/Cake/Controller/Controller.php(956): View->render(NULL, NULL)
#9 /var/www/rs/lib/Cake/Routing/Dispatcher.php(193): Controller->render()
#10 /var/www/rs/lib/Cake/Routing/Dispatcher.php(161): Dispatcher->_invoke(Object(UsersController), Object(CakeRequest), Object(CakeResponse))
#11 /var/www/rs/app/webroot/index.php(92): Dispatcher->dispatch(Object(CakeRequest), Object(CakeResponse))
#12 {main}
2012-12-04 22:36:54 Error: [MissingControllerException] Controller class AssetsController could not be found.
#0 /var/www/rs/app/webroot/index.php(92): Dispatcher->dispatch(Object(CakeRequest), Object(CakeResponse))
#1 {main}
2012-12-04 22:37:48 Error: [MissingHelperException] Helper class HomeHelper could not be found.
#0 /var/www/rs/lib/Cake/View/View.php(862): HelperCollection->load('Home', Array)
#1 /var/www/rs/lib/Cake/View/View.php(469): View->loadHelpers()
#2 /var/www/rs/lib/Cake/Controller/Controller.php(956): View->render(NULL, NULL)
#3 /var/www/rs/lib/Cake/Routing/Dispatcher.php(193): Controller->render()
#4 /var/www/rs/lib/Cake/Routing/Dispatcher.php(161): Dispatcher->_invoke(Object(HomesController), Object(CakeRequest), Object(CakeResponse))
#5 /var/www/rs/app/webroot/index.php(92): Dispatcher->dispatch(Object(CakeRequest), Object(CakeResponse))
#6 {main}
